<?xml version="1.0" encoding="UTF-8"?>
<!-- Generated by org.testng.reporters.JUnitXMLReporter -->
<testsuite hostname="PratikP" ignored="0" name="Test" tests="6" failures="0" timestamp="29 Nov 2023 19:34:28 GMT" time="14.732" errors="0">
  <testcase name="dash" time="3.607" classname="com.practice.TestNG_EX"/>
  <testcase name="downloads" time="2.0" classname="com.practice.TestNG_EX"/>
  <testcase name="login" time="2.129" classname="com.practice.TestNG_EX"/>
  <testcase name="logout" time="2.378" classname="com.practice.TestNG_EX"/>
  <testcase name="name" time="2.453" classname="com.practice.TestNG_EX"/>
  <testcase name="user" time="2.074" classname="com.practice.TestNG_EX"/>
</testsuite> <!-- Test -->
