<?xml version="1.0" encoding="UTF-8"?>
<!-- Generated by org.testng.reporters.JUnitXMLReporter -->
<testsuite hostname="PratikP" ignored="0" name="Test1" tests="6" failures="0" timestamp="28 Nov 2023 11:44:38 GMT" time="0.048" errors="0">
  <testcase name="dash" time="0.003" classname="com.practice.TestNG_EX2"/>
  <testcase name="downloads" time="0.004" classname="com.practice.TestNG_EX2"/>
  <testcase name="login" time="0.003" classname="com.practice.TestNG_EX2"/>
  <testcase name="logout" time="0.002" classname="com.practice.TestNG_EX2"/>
  <testcase name="name" time="0.002" classname="com.practice.TestNG_EX2"/>
  <testcase name="user" time="0.002" classname="com.practice.TestNG_EX2"/>
</testsuite> <!-- Test1 -->
