<?xml version="1.0" encoding="UTF-8"?>
<testng-results skipped="0" failed="0" ignored="0" total="1" passed="1">
  <reporter-output>
  </reporter-output>
  <suite name="Default suite" duration-ms="12429" started-at="2023-12-08T08:55:01Z" finished-at="2023-12-08T08:55:14Z">
    <groups>
    </groups>
    <test name="Default test" duration-ms="12429" started-at="2023-12-08T08:55:01Z" finished-at="2023-12-08T08:55:14Z">
      <class name="com.jbk.frameshandle.FrameHandling">
        <test-method status="PASS" signature="frameHandleTestCase()[pri:0, instance:com.jbk.frameshandle.FrameHandling@59f99ea]" name="frameHandleTestCase" duration-ms="12398" started-at="2023-12-08T14:25:01Z" finished-at="2023-12-08T14:25:14Z">
          <reporter-output>
          </reporter-output>
        </test-method> <!-- frameHandleTestCase -->
      </class> <!-- com.jbk.frameshandle.FrameHandling -->
    </test> <!-- Default test -->
  </suite> <!-- Default suite -->
</testng-results>
